Arguments: 
  /Users/jonasrodriguesdeoliveira/.nvm/versions/node/v16.15.0/bin/node /opt/homebrew/Cellar/yarn/1.22.17_2/libexec/bin/yarn.js

PATH: 
  /Applications/Anaconda/anaconda3/bin:/Applications/Anaconda/anaconda3/condabin:/Users/jonasrodriguesdeoliveira/.nvm/versions/node/v16.15.0/bin:/Users/jonasrodriguesdeoliveira/Library/Android/sdk/tools:/Users/jonasrodriguesdeoliveira/Library/Android/sdk/tools/bin:/Users/jonasrodriguesdeoliveira/Library/Android/sdk/platform-tools:/opt/homebrew/opt/node@12/bin:/opt/homebrew/bin:/opt/homebrew/sbin:/usr/local/bin:/usr/bin:/bin:/usr/sbin:/sbin:/Library/Apple/usr/bin:/Users/jonasrodriguesdeoliveira/.fig/bin:/Users/jonasrodriguesdeoliveira/.local/bin:/Users/jonasrodriguesdeoliveira/.composer/vendor/bin:/Library/Java/JavaVirtualMachines/jdk1.8.0_291.jdk/Contents/Home/bin:/Library/Java/JavaVirtualMachines/jdk1.8.0_291.jdk/Contents/Home/bin:/Users/jonasrodriguesdeoliveira/Developer/maven/apache-maven-3.6.3/bin:/Users/jonasrodriguesdeoliveira/.composer/vendor/bin:/Users/jonasrodriguesdeoliveira/Developer/flutter/bin:/Users/jonasrodriguesdeoliveira/Developer/sonar-scanner/bin

Yarn version: 
  1.22.17

Node version: 
  16.15.0

Platform: 
  darwin arm64

Trace: 
  Error: EACCES: permission denied, unlink '/Users/jonasrodriguesdeoliveira/Developer/RocketSeat/React/ignite-reactjs-conceitos-do-react/node_modules/.bin/acorn'

npm manifest: 
  {
    "name": "01-github-explorer",
    "version": "1.0.0",
    "main": "index.js",
    "license": "MIT",
    "scripts": {
      "dev": "webpack serve",
      "build": "cross-env NODE_ENV=production webpack",
      "test": "jest --watchAll"
    },
    "dependencies": {
      "react": "^17.0.1",
      "react-dom": "^17.0.2",
      "react-icons": "^4.2.0"
    },
    "devDependencies": {
      "@babel/cli": "^7.12.10",
      "@babel/core": "^7.12.10",
      "@babel/preset-env": "^7.12.11",
      "@babel/preset-react": "^7.12.10",
      "@babel/preset-typescript": "^7.12.7",
      "@pmmmwh/react-refresh-webpack-plugin": "^0.4.3",
      "@testing-library/jest-dom": "^5.11.9",
      "@testing-library/react": "^11.2.5",
      "@types/react-dom": "^17.0.0",
      "babel-loader": "^8.2.2",
      "babel-preset-react-app": "^10.0.0",
      "cross-env": "^7.0.3",
      "css-loader": "^5.0.1",
      "html-webpack-plugin": "^4.5.1",
      "identity-obj-proxy": "^3.0.0",
      "jest": "^26.6.3",
      "node-sass": "^6.0.1",
      "react-app-polyfill": "^2.0.0",
      "react-refresh": "^0.9.0",
      "sass-loader": "^10.1.1",
      "style-loader": "^2.0.0",
      "ts-node": "^9.1.1",
      "typescript": "^4.1.3",
      "webpack": "^5.17.0",
      "webpack-cli": "^4.4.0",
      "webpack-dev-server": "^3.11.2"
    }
  }

yarn manifest: 
  No manifest

Lockfile: 
  No lockfile
